[0.155s] DEBUG:colcon:Command line arguments: ['/usr/bin/colcon', 'list', '-p', '--base-paths', '/home/ogan/ros2_ws/src/me461task1/me461task1', '--log-base', '/dev/null']
[0.155s] DEBUG:colcon:Parsed command line arguments: Namespace(log_base=None, log_level=None, verb_name='list', build_base='build', ignore_user_meta=False, metas=['./colcon.meta'], base_paths=['/home/ogan/ros2_ws/src/me461task1/me461task1', '--log-base', '/dev/null'], packages_ignore=None, packages_ignore_regex=None, paths=None, packages_up_to=None, packages_up_to_regex=None, packages_above=None, packages_above_and_dependencies=None, packages_above_depth=None, packages_select_by_dep=None, packages_skip_by_dep=None, packages_skip_up_to=None, packages_select_build_failed=False, packages_skip_build_finished=False, packages_select_test_failures=False, packages_skip_test_passed=False, packages_select=None, packages_skip=None, packages_select_regex=None, packages_skip_regex=None, packages_start=None, packages_end=None, allow_overriding=[], topological_order=False, names_only=False, paths_only=True, topological_graph=False, topological_graph_dot=False, topological_graph_density=False, topological_graph_legend=False, topological_graph_dot_cluster=False, topological_graph_dot_include_skipped=False, mixin_files=None, mixin=None, verb_parser=<colcon_mixin.mixin.mixin_argument.MixinArgumentDecorator object at 0x7890a2eaf310>, verb_extension=<colcon_package_information.verb.list.ListVerb object at 0x7890a2eadf00>, main=<bound method ListVerb.main of <colcon_package_information.verb.list.ListVerb object at 0x7890a2eadf00>>, mixin_verb=('list',))
[0.588s] Level 1:colcon.colcon_core.package_discovery:discover_packages(colcon_meta) check parameters
[0.588s] Level 1:colcon.colcon_core.package_discovery:discover_packages(recursive) check parameters
[0.588s] Level 1:colcon.colcon_core.package_discovery:discover_packages(ignore) check parameters
[0.588s] Level 1:colcon.colcon_core.package_discovery:discover_packages(path) check parameters
[0.588s] Level 1:colcon.colcon_core.package_discovery:discover_packages(recursive) discover
[0.588s] INFO:colcon.colcon_core.package_discovery:Crawling recursively for packages in '/home/ogan/ros2_ws/src/me461task1/me461task1', '/home/ogan/ros2_ws/src/me461task1/me461task1/--log-base', '/dev/null'
[0.589s] Level 1:colcon.colcon_core.package_identification:_identify(/home/ogan/ros2_ws/src/me461task1/me461task1) by extensions ['ignore', 'ignore_ament_install']
[0.589s] Level 1:colcon.colcon_core.package_identification:_identify(/home/ogan/ros2_ws/src/me461task1/me461task1) by extension 'ignore'
[0.589s] Level 1:colcon.colcon_core.package_identification:_identify(/home/ogan/ros2_ws/src/me461task1/me461task1) by extension 'ignore_ament_install'
[0.589s] Level 1:colcon.colcon_core.package_identification:_identify(/home/ogan/ros2_ws/src/me461task1/me461task1) by extensions ['colcon_pkg']
[0.589s] Level 1:colcon.colcon_core.package_identification:_identify(/home/ogan/ros2_ws/src/me461task1/me461task1) by extension 'colcon_pkg'
[0.589s] Level 1:colcon.colcon_core.package_identification:_identify(/home/ogan/ros2_ws/src/me461task1/me461task1) by extensions ['colcon_meta']
[0.589s] Level 1:colcon.colcon_core.package_identification:_identify(/home/ogan/ros2_ws/src/me461task1/me461task1) by extension 'colcon_meta'
[0.589s] Level 1:colcon.colcon_core.package_identification:_identify(/home/ogan/ros2_ws/src/me461task1/me461task1) by extensions ['ros']
[0.589s] Level 1:colcon.colcon_core.package_identification:_identify(/home/ogan/ros2_ws/src/me461task1/me461task1) by extension 'ros'
[0.611s] Level 1:colcon.colcon_core.package_identification:_identify(/home/ogan/ros2_ws/src/me461task1/me461task1) by extensions ['cmake', 'python']
[0.611s] Level 1:colcon.colcon_core.package_identification:_identify(/home/ogan/ros2_ws/src/me461task1/me461task1) by extension 'cmake'
[0.611s] Level 1:colcon.colcon_core.package_identification:_identify(/home/ogan/ros2_ws/src/me461task1/me461task1) by extension 'python'
[0.611s] Level 1:colcon.colcon_core.package_identification:_identify(/home/ogan/ros2_ws/src/me461task1/me461task1) by extensions ['python_setup_py']
[0.611s] Level 1:colcon.colcon_core.package_identification:_identify(/home/ogan/ros2_ws/src/me461task1/me461task1) by extension 'python_setup_py'
[0.612s] Level 1:colcon.colcon_core.package_identification:_identify(/home/ogan/ros2_ws/src/me461task1/me461task1/log) by extensions ['ignore', 'ignore_ament_install']
[0.612s] Level 1:colcon.colcon_core.package_identification:_identify(/home/ogan/ros2_ws/src/me461task1/me461task1/log) by extension 'ignore'
[0.612s] Level 1:colcon.colcon_core.package_identification:_identify(/home/ogan/ros2_ws/src/me461task1/me461task1/log) ignored
[0.612s] Level 1:colcon.colcon_core.package_identification:_identify(/home/ogan/ros2_ws/src/me461task1/me461task1/model) by extensions ['ignore', 'ignore_ament_install']
[0.612s] Level 1:colcon.colcon_core.package_identification:_identify(/home/ogan/ros2_ws/src/me461task1/me461task1/model) by extension 'ignore'
[0.612s] Level 1:colcon.colcon_core.package_identification:_identify(/home/ogan/ros2_ws/src/me461task1/me461task1/model) by extension 'ignore_ament_install'
[0.613s] Level 1:colcon.colcon_core.package_identification:_identify(/home/ogan/ros2_ws/src/me461task1/me461task1/model) by extensions ['colcon_pkg']
[0.613s] Level 1:colcon.colcon_core.package_identification:_identify(/home/ogan/ros2_ws/src/me461task1/me461task1/model) by extension 'colcon_pkg'
[0.613s] Level 1:colcon.colcon_core.package_identification:_identify(/home/ogan/ros2_ws/src/me461task1/me461task1/model) by extensions ['colcon_meta']
[0.613s] Level 1:colcon.colcon_core.package_identification:_identify(/home/ogan/ros2_ws/src/me461task1/me461task1/model) by extension 'colcon_meta'
[0.613s] Level 1:colcon.colcon_core.package_identification:_identify(/home/ogan/ros2_ws/src/me461task1/me461task1/model) by extensions ['ros']
[0.613s] Level 1:colcon.colcon_core.package_identification:_identify(/home/ogan/ros2_ws/src/me461task1/me461task1/model) by extension 'ros'
[0.613s] Level 1:colcon.colcon_core.package_identification:_identify(/home/ogan/ros2_ws/src/me461task1/me461task1/model) by extensions ['cmake', 'python']
[0.613s] Level 1:colcon.colcon_core.package_identification:_identify(/home/ogan/ros2_ws/src/me461task1/me461task1/model) by extension 'cmake'
[0.613s] Level 1:colcon.colcon_core.package_identification:_identify(/home/ogan/ros2_ws/src/me461task1/me461task1/model) by extension 'python'
[0.613s] Level 1:colcon.colcon_core.package_identification:_identify(/home/ogan/ros2_ws/src/me461task1/me461task1/model) by extensions ['python_setup_py']
[0.613s] Level 1:colcon.colcon_core.package_identification:_identify(/home/ogan/ros2_ws/src/me461task1/me461task1/model) by extension 'python_setup_py'
[0.613s] Level 1:colcon.colcon_core.package_identification:_identify(/home/ogan/ros2_ws/src/me461task1/me461task1/model/keypoint_classifier) by extensions ['ignore', 'ignore_ament_install']
[0.614s] Level 1:colcon.colcon_core.package_identification:_identify(/home/ogan/ros2_ws/src/me461task1/me461task1/model/keypoint_classifier) by extension 'ignore'
[0.614s] Level 1:colcon.colcon_core.package_identification:_identify(/home/ogan/ros2_ws/src/me461task1/me461task1/model/keypoint_classifier) by extension 'ignore_ament_install'
[0.614s] Level 1:colcon.colcon_core.package_identification:_identify(/home/ogan/ros2_ws/src/me461task1/me461task1/model/keypoint_classifier) by extensions ['colcon_pkg']
[0.614s] Level 1:colcon.colcon_core.package_identification:_identify(/home/ogan/ros2_ws/src/me461task1/me461task1/model/keypoint_classifier) by extension 'colcon_pkg'
[0.614s] Level 1:colcon.colcon_core.package_identification:_identify(/home/ogan/ros2_ws/src/me461task1/me461task1/model/keypoint_classifier) by extensions ['colcon_meta']
[0.614s] Level 1:colcon.colcon_core.package_identification:_identify(/home/ogan/ros2_ws/src/me461task1/me461task1/model/keypoint_classifier) by extension 'colcon_meta'
[0.614s] Level 1:colcon.colcon_core.package_identification:_identify(/home/ogan/ros2_ws/src/me461task1/me461task1/model/keypoint_classifier) by extensions ['ros']
[0.614s] Level 1:colcon.colcon_core.package_identification:_identify(/home/ogan/ros2_ws/src/me461task1/me461task1/model/keypoint_classifier) by extension 'ros'
[0.614s] Level 1:colcon.colcon_core.package_identification:_identify(/home/ogan/ros2_ws/src/me461task1/me461task1/model/keypoint_classifier) by extensions ['cmake', 'python']
[0.614s] Level 1:colcon.colcon_core.package_identification:_identify(/home/ogan/ros2_ws/src/me461task1/me461task1/model/keypoint_classifier) by extension 'cmake'
[0.614s] Level 1:colcon.colcon_core.package_identification:_identify(/home/ogan/ros2_ws/src/me461task1/me461task1/model/keypoint_classifier) by extension 'python'
[0.614s] Level 1:colcon.colcon_core.package_identification:_identify(/home/ogan/ros2_ws/src/me461task1/me461task1/model/keypoint_classifier) by extensions ['python_setup_py']
[0.614s] Level 1:colcon.colcon_core.package_identification:_identify(/home/ogan/ros2_ws/src/me461task1/me461task1/model/keypoint_classifier) by extension 'python_setup_py'
[0.614s] Level 1:colcon.colcon_core.package_identification:_identify(/home/ogan/ros2_ws/src/me461task1/me461task1/model/point_history_classifier) by extensions ['ignore', 'ignore_ament_install']
[0.614s] Level 1:colcon.colcon_core.package_identification:_identify(/home/ogan/ros2_ws/src/me461task1/me461task1/model/point_history_classifier) by extension 'ignore'
[0.615s] Level 1:colcon.colcon_core.package_identification:_identify(/home/ogan/ros2_ws/src/me461task1/me461task1/model/point_history_classifier) by extension 'ignore_ament_install'
[0.615s] Level 1:colcon.colcon_core.package_identification:_identify(/home/ogan/ros2_ws/src/me461task1/me461task1/model/point_history_classifier) by extensions ['colcon_pkg']
[0.615s] Level 1:colcon.colcon_core.package_identification:_identify(/home/ogan/ros2_ws/src/me461task1/me461task1/model/point_history_classifier) by extension 'colcon_pkg'
[0.615s] Level 1:colcon.colcon_core.package_identification:_identify(/home/ogan/ros2_ws/src/me461task1/me461task1/model/point_history_classifier) by extensions ['colcon_meta']
[0.615s] Level 1:colcon.colcon_core.package_identification:_identify(/home/ogan/ros2_ws/src/me461task1/me461task1/model/point_history_classifier) by extension 'colcon_meta'
[0.615s] Level 1:colcon.colcon_core.package_identification:_identify(/home/ogan/ros2_ws/src/me461task1/me461task1/model/point_history_classifier) by extensions ['ros']
[0.615s] Level 1:colcon.colcon_core.package_identification:_identify(/home/ogan/ros2_ws/src/me461task1/me461task1/model/point_history_classifier) by extension 'ros'
[0.615s] Level 1:colcon.colcon_core.package_identification:_identify(/home/ogan/ros2_ws/src/me461task1/me461task1/model/point_history_classifier) by extensions ['cmake', 'python']
[0.615s] Level 1:colcon.colcon_core.package_identification:_identify(/home/ogan/ros2_ws/src/me461task1/me461task1/model/point_history_classifier) by extension 'cmake'
[0.615s] Level 1:colcon.colcon_core.package_identification:_identify(/home/ogan/ros2_ws/src/me461task1/me461task1/model/point_history_classifier) by extension 'python'
[0.615s] Level 1:colcon.colcon_core.package_identification:_identify(/home/ogan/ros2_ws/src/me461task1/me461task1/model/point_history_classifier) by extensions ['python_setup_py']
[0.615s] Level 1:colcon.colcon_core.package_identification:_identify(/home/ogan/ros2_ws/src/me461task1/me461task1/model/point_history_classifier) by extension 'python_setup_py'
[0.615s] Level 1:colcon.colcon_core.package_identification:_identify(/home/ogan/ros2_ws/src/me461task1/me461task1/utils) by extensions ['ignore', 'ignore_ament_install']
[0.615s] Level 1:colcon.colcon_core.package_identification:_identify(/home/ogan/ros2_ws/src/me461task1/me461task1/utils) by extension 'ignore'
[0.615s] Level 1:colcon.colcon_core.package_identification:_identify(/home/ogan/ros2_ws/src/me461task1/me461task1/utils) by extension 'ignore_ament_install'
[0.616s] Level 1:colcon.colcon_core.package_identification:_identify(/home/ogan/ros2_ws/src/me461task1/me461task1/utils) by extensions ['colcon_pkg']
[0.616s] Level 1:colcon.colcon_core.package_identification:_identify(/home/ogan/ros2_ws/src/me461task1/me461task1/utils) by extension 'colcon_pkg'
[0.616s] Level 1:colcon.colcon_core.package_identification:_identify(/home/ogan/ros2_ws/src/me461task1/me461task1/utils) by extensions ['colcon_meta']
[0.616s] Level 1:colcon.colcon_core.package_identification:_identify(/home/ogan/ros2_ws/src/me461task1/me461task1/utils) by extension 'colcon_meta'
[0.616s] Level 1:colcon.colcon_core.package_identification:_identify(/home/ogan/ros2_ws/src/me461task1/me461task1/utils) by extensions ['ros']
[0.616s] Level 1:colcon.colcon_core.package_identification:_identify(/home/ogan/ros2_ws/src/me461task1/me461task1/utils) by extension 'ros'
[0.616s] Level 1:colcon.colcon_core.package_identification:_identify(/home/ogan/ros2_ws/src/me461task1/me461task1/utils) by extensions ['cmake', 'python']
[0.616s] Level 1:colcon.colcon_core.package_identification:_identify(/home/ogan/ros2_ws/src/me461task1/me461task1/utils) by extension 'cmake'
[0.616s] Level 1:colcon.colcon_core.package_identification:_identify(/home/ogan/ros2_ws/src/me461task1/me461task1/utils) by extension 'python'
[0.616s] Level 1:colcon.colcon_core.package_identification:_identify(/home/ogan/ros2_ws/src/me461task1/me461task1/utils) by extensions ['python_setup_py']
[0.616s] Level 1:colcon.colcon_core.package_identification:_identify(/home/ogan/ros2_ws/src/me461task1/me461task1/utils) by extension 'python_setup_py'
[0.616s] Level 1:colcon.colcon_core.package_discovery:discover_packages(recursive) using defaults
